<?xml version="1.0" encoding="UTF-8"?>
<testng-results ignored="0" total="1" passed="1" failed="0" skipped="0">
  <reporter-output>
  </reporter-output>
  <suite started-at="2024-08-27T17:12:52 EDT" name="Default suite" finished-at="2024-08-27T17:13:00 EDT" duration-ms="8617">
    <groups>
    </groups>
    <test started-at="2024-08-27T17:12:52 EDT" name="Default test" finished-at="2024-08-27T17:13:00 EDT" duration-ms="8617">
      <class name="rahulshettyacademy.ExtentReports.ExtentReportDemo">
        <test-method is-config="true" signature="config()[pri:0, instance:rahulshettyacademy.ExtentReports.ExtentReportDemo@f78a47e]" started-at="2024-08-27T17:12:52 EDT" name="config" finished-at="2024-08-27T17:12:52 EDT" duration-ms="297" status="PASS">
          <reporter-output>
          </reporter-output>
        </test-method> <!-- config -->
        <test-method signature="initialDemo()[pri:0, instance:rahulshettyacademy.ExtentReports.ExtentReportDemo@f78a47e]" started-at="2024-08-27T17:12:52 EDT" name="initialDemo" finished-at="2024-08-27T17:13:00 EDT" duration-ms="8268" status="PASS">
          <reporter-output>
          </reporter-output>
        </test-method> <!-- initialDemo -->
      </class> <!-- rahulshettyacademy.ExtentReports.ExtentReportDemo -->
    </test> <!-- Default test -->
  </suite> <!-- Default suite -->
</testng-results>
